** [localized_dates] localized_dates plugin loaded.
** [localized_dates] loading file /home/marano/Projetos/bride_store/config/locales/en.rb
** [localized_dates] loading file /home/marano/Projetos/bride_store/config/locales/pt-BR.rb
** [localized_dates] loading file /home/marano/Projetos/bride_store/config/locales/de.yml
** [localized_dates] loading file /home/marano/Projetos/bride_store/config/locales/en.yml
** [localized_dates] locales loaded from config/locales.
** [localized_dates] localized_dates plugin loaded.
** [localized_dates] loading file /home/marano/Projetos/bride_store/config/locales/en.rb
** [localized_dates] loading file /home/marano/Projetos/bride_store/config/locales/pt-BR.rb
** [localized_dates] loading file /home/marano/Projetos/bride_store/config/locales/de.yml
** [localized_dates] loading file /home/marano/Projetos/bride_store/config/locales/en.yml
** [localized_dates] locales loaded from config/locales.
** [localized_dates] localized_dates plugin loaded.
** [localized_dates] loading file /home/marano/Projetos/bride_store/config/locales/en.rb
** [localized_dates] loading file /home/marano/Projetos/bride_store/config/locales/pt-BR.rb
** [localized_dates] loading file /home/marano/Projetos/bride_store/config/locales/de.yml
** [localized_dates] loading file /home/marano/Projetos/bride_store/config/locales/en.yml
** [localized_dates] locales loaded from config/locales.
** [localized_dates] localized_dates plugin loaded.
** [localized_dates] loading file /home/marano/Projetos/bride_store/config/locales/en.rb
** [localized_dates] loading file /home/marano/Projetos/bride_store/config/locales/pt-BR.rb
** [localized_dates] loading file /home/marano/Projetos/bride_store/config/locales/de.yml
** [localized_dates] loading file /home/marano/Projetos/bride_store/config/locales/en.yml
** [localized_dates] locales loaded from config/locales.


Processing ApplicationController#index (for 127.0.0.1 at 2009-03-04 23:50:04) [GET]

ActionController::RoutingError (No route matches "/signin" with {:method=>:get}):
  actionpack (2.3.0) lib/action_controller/routing/recognition_optimisation.rb:66:in `recognize_path'
  actionpack (2.3.0) lib/action_controller/routing/route_set.rb:437:in `recognize'
  actionpack (2.3.0) lib/action_controller/routing/route_set.rb:432:in `call'
  actionpack (2.3.0) lib/action_controller/dispatcher.rb:65:in `dispatch'
  actionpack (2.3.0) lib/action_controller/dispatcher.rb:88:in `_call'
  actionpack (2.3.0) lib/action_controller/dispatcher.rb:59:in `initialize'
  activerecord (2.3.0) lib/active_record/query_cache.rb:29:in `call'
  activerecord (2.3.0) lib/active_record/query_cache.rb:29:in `call'
  activerecord (2.3.0) lib/active_record/connection_adapters/abstract/query_cache.rb:34:in `cache'
  activerecord (2.3.0) lib/active_record/query_cache.rb:9:in `cache'
  activerecord (2.3.0) lib/active_record/query_cache.rb:28:in `call'
  actionpack (2.3.0) lib/action_controller/params_parser.rb:15:in `call'
  actionpack (2.3.0) lib/action_controller/rewindable_input.rb:25:in `call'
  actionpack (2.3.0) lib/action_controller/session/cookie_store.rb:93:in `call'
  actionpack (2.3.0) lib/action_controller/failsafe.rb:11:in `call'
  actionpack (2.3.0) lib/action_controller/rack_ext/lock.rb:15:in `call'
  actionpack (2.3.0) lib/action_controller/rack_ext/lock.rb:15:in `synchronize'
  actionpack (2.3.0) lib/action_controller/rack_ext/lock.rb:15:in `call'
  actionpack (2.3.0) lib/action_controller/dispatcher.rb:83:in `call'
  rails (2.3.0) lib/rails/rack/static.rb:27:in `call'
  rails (2.3.0) lib/rails/rack/log_tailer.rb:17:in `call'
  /usr/lib/ruby/1.8/webrick/httpserver.rb:104:in `service'
  /usr/lib/ruby/1.8/webrick/httpserver.rb:65:in `run'
  /usr/lib/ruby/1.8/webrick/server.rb:173:in `start_thread'
  /usr/lib/ruby/1.8/webrick/server.rb:162:in `start'
  /usr/lib/ruby/1.8/webrick/server.rb:162:in `start_thread'
  /usr/lib/ruby/1.8/webrick/server.rb:95:in `start'
  /usr/lib/ruby/1.8/webrick/server.rb:92:in `each'
  /usr/lib/ruby/1.8/webrick/server.rb:92:in `start'
  /usr/lib/ruby/1.8/webrick/server.rb:23:in `start'
  /usr/lib/ruby/1.8/webrick/server.rb:82:in `start'
  rails (2.3.0) lib/commands/server.rb:100

Rendering rescues/layout (not_found)


Processing UsersController#new (for 127.0.0.1 at 2009-03-04 23:50:10) [GET]

ActiveRecord::StatementInvalid (Could not find table 'users'):
  activerecord (2.3.0) lib/active_record/connection_adapters/sqlite3_adapter.rb:29:in `table_structure'
  activesupport (2.3.0) lib/active_support/core_ext/object/misc.rb:39:in `returning'
  activerecord (2.3.0) lib/active_record/connection_adapters/sqlite3_adapter.rb:28:in `table_structure'
  activerecord (2.3.0) lib/active_record/connection_adapters/sqlite_adapter.rb:189:in `columns'
  activerecord (2.3.0) lib/active_record/base.rb:1276:in `columns'
  activerecord (2.3.0) lib/active_record/base.rb:3002:in `attributes_from_column_definition_without_lock'
  activerecord (2.3.0) lib/active_record/locking/optimistic.rb:55:in `attributes_from_column_definition'
  activerecord (2.3.0) lib/active_record/base.rb:2428:in `initialize'
  app/controllers/users_controller.rb:12:in `new'
  app/controllers/users_controller.rb:12:in `new'
  actionpack (2.3.0) lib/action_controller/base.rb:1261:in `send'
  actionpack (2.3.0) lib/action_controller/base.rb:1261:in `perform_action_without_filters'
  actionpack (2.3.0) lib/action_controller/filters.rb:617:in `call_filters'
  actionpack (2.3.0) lib/action_controller/filters.rb:610:in `perform_action_without_benchmark'
  actionpack (2.3.0) lib/action_controller/benchmarking.rb:68:in `perform_action_without_rescue'
  actionpack (2.3.0) lib/action_controller/benchmarking.rb:68:in `perform_action_without_rescue'
  actionpack (2.3.0) lib/action_controller/rescue.rb:154:in `perform_action_without_flash'
  actionpack (2.3.0) lib/action_controller/flash.rb:141:in `perform_action'
  actionpack (2.3.0) lib/action_controller/base.rb:523:in `send'
  actionpack (2.3.0) lib/action_controller/base.rb:523:in `process_without_filters'
  actionpack (2.3.0) lib/action_controller/filters.rb:606:in `process'
  actionpack (2.3.0) lib/action_controller/base.rb:391:in `process'
  actionpack (2.3.0) lib/action_controller/base.rb:386:in `call'
  actionpack (2.3.0) lib/action_controller/routing/route_set.rb:433:in `call'
  actionpack (2.3.0) lib/action_controller/dispatcher.rb:65:in `dispatch'
  actionpack (2.3.0) lib/action_controller/dispatcher.rb:88:in `_call'
  actionpack (2.3.0) lib/action_controller/dispatcher.rb:59:in `initialize'
  activerecord (2.3.0) lib/active_record/query_cache.rb:29:in `call'
  activerecord (2.3.0) lib/active_record/query_cache.rb:29:in `call'
  activerecord (2.3.0) lib/active_record/connection_adapters/abstract/query_cache.rb:34:in `cache'
  activerecord (2.3.0) lib/active_record/query_cache.rb:9:in `cache'
  activerecord (2.3.0) lib/active_record/query_cache.rb:28:in `call'
  actionpack (2.3.0) lib/action_controller/params_parser.rb:15:in `call'
  actionpack (2.3.0) lib/action_controller/rewindable_input.rb:25:in `call'
  actionpack (2.3.0) lib/action_controller/session/cookie_store.rb:93:in `call'
  actionpack (2.3.0) lib/action_controller/failsafe.rb:11:in `call'
  actionpack (2.3.0) lib/action_controller/rack_ext/lock.rb:15:in `call'
  actionpack (2.3.0) lib/action_controller/rack_ext/lock.rb:15:in `synchronize'
  actionpack (2.3.0) lib/action_controller/rack_ext/lock.rb:15:in `call'
  actionpack (2.3.0) lib/action_controller/dispatcher.rb:83:in `call'
  rails (2.3.0) lib/rails/rack/static.rb:27:in `call'
  rails (2.3.0) lib/rails/rack/log_tailer.rb:17:in `call'
  /usr/lib/ruby/1.8/webrick/httpserver.rb:104:in `service'
  /usr/lib/ruby/1.8/webrick/httpserver.rb:65:in `run'
  /usr/lib/ruby/1.8/webrick/server.rb:173:in `start_thread'
  /usr/lib/ruby/1.8/webrick/server.rb:162:in `start'
  /usr/lib/ruby/1.8/webrick/server.rb:162:in `start_thread'
  /usr/lib/ruby/1.8/webrick/server.rb:95:in `start'
  /usr/lib/ruby/1.8/webrick/server.rb:92:in `each'
  /usr/lib/ruby/1.8/webrick/server.rb:92:in `start'
  /usr/lib/ruby/1.8/webrick/server.rb:23:in `start'
  /usr/lib/ruby/1.8/webrick/server.rb:82:in `start'
  rails (2.3.0) lib/commands/server.rb:100

Rendered rescues/_trace (39.5ms)
Rendered rescues/_request_and_response (0.6ms)
Rendering rescues/layout (internal_server_error)
** [localized_dates] localized_dates plugin loaded.
** [localized_dates] loading file /home/marano/Projetos/bride_store/config/locales/en.rb
** [localized_dates] loading file /home/marano/Projetos/bride_store/config/locales/pt-BR.rb
** [localized_dates] loading file /home/marano/Projetos/bride_store/config/locales/de.yml
** [localized_dates] loading file /home/marano/Projetos/bride_store/config/locales/en.yml
** [localized_dates] locales loaded from config/locales.
  [4;36;1mSQL (0.3ms)[0m   [0;1m SELECT name
 FROM sqlite_master
 WHERE type = 'table' AND NOT name = 'sqlite_sequence'
[0m
  [4;35;1mSQL (0.2ms)[0m   [0mselect sqlite_version(*)[0m
  [4;36;1mSQL (27.5ms)[0m   [0;1mCREATE TABLE "schema_migrations" ("version" varchar(255) NOT NULL) [0m
  [4;35;1mSQL (11.1ms)[0m   [0mCREATE UNIQUE INDEX "unique_schema_migrations" ON "schema_migrations" ("version")[0m
  [4;36;1mSQL (0.2ms)[0m   [0;1m SELECT name
 FROM sqlite_master
 WHERE type = 'table' AND NOT name = 'sqlite_sequence'
[0m
  [4;35;1mSQL (0.1ms)[0m   [0mSELECT version FROM schema_migrations[0m
Migrating to CreateUsers (20090305024433)
  [4;36;1mSQL (0.3ms)[0m   [0;1m SELECT name
 FROM sqlite_master
 WHERE type = 'table' AND NOT name = 'sqlite_sequence'
[0m
  [4;35;1mSQL (7.6ms)[0m   [0mCREATE TABLE "users" ("id" INTEGER PRIMARY KEY AUTOINCREMENT NOT NULL, "login" varchar(40), "name" varchar(100) DEFAULT '', "email" varchar(100), "crypted_password" varchar(40), "salt" varchar(40), "created_at" datetime, "updated_at" datetime, "remember_token" varchar(40), "remember_token_expires_at" datetime, "activation_code" varchar(40), "activated_at" datetime, "state" varchar(255) DEFAULT 'passive', "deleted_at" datetime) [0m
  [4;36;1mSQL (14.4ms)[0m   [0;1mCREATE UNIQUE INDEX "index_users_on_login" ON "users" ("login")[0m
  [4;35;1mSQL (5.7ms)[0m   [0mINSERT INTO schema_migrations (version) VALUES ('20090305024433')[0m
  [4;36;1mSQL (0.3ms)[0m   [0;1m SELECT name
 FROM sqlite_master
 WHERE type = 'table' AND NOT name = 'sqlite_sequence'
[0m
  [4;35;1mSQL (0.2ms)[0m   [0mSELECT version FROM schema_migrations[0m
  [4;36;1mSQL (0.2ms)[0m   [0;1m SELECT name
 FROM sqlite_master
 WHERE type = 'table' AND NOT name = 'sqlite_sequence'
[0m
  [4;35;1mSQL (0.2ms)[0m   [0mPRAGMA index_list("users")[0m
  [4;36;1mSQL (0.2ms)[0m   [0;1mPRAGMA index_info('index_users_on_login')[0m


Processing UsersController#new (for 127.0.0.1 at 2009-03-04 23:50:34) [GET]
Rendering template within layouts/users
Rendering users/new
Completed in 40ms (View: 23, DB: 0) | 200 OK [http://localhost/signup]


Processing UsersController#create (for 127.0.0.1 at 2009-03-04 23:50:56) [POST]
  Parameters: {"commit"=>"Criar", "authenticity_token"=>"trNH53ClE937abhHuvzci14vH8iaTWLDW/lB+iuUyps=", "user"=>{"name"=>"José", "password_confirmation"=>"2bvith", "password"=>"2bvith", "login"=>"jose", "email"=>"jose@mail.com"}}
  [4;36;1mUser Exists (0.4ms)[0m   [0;1mSELECT "users".id FROM "users" WHERE ("users"."login" = 'jose') LIMIT 1[0m
  [4;35;1mUser Exists (0.3ms)[0m   [0mSELECT "users".id FROM "users" WHERE ("users"."email" = 'jose@mail.com') LIMIT 1[0m
  [4;36;1mCACHE (0.0ms)[0m   [0;1mSELECT "users".id FROM "users" WHERE ("users"."login" = 'jose') LIMIT 1[0m
  [4;35;1mCACHE (0.0ms)[0m   [0mSELECT "users".id FROM "users" WHERE ("users"."email" = 'jose@mail.com') LIMIT 1[0m
  [4;36;1mUser Create (0.5ms)[0m   [0;1mINSERT INTO "users" ("name", "salt", "created_at", "activated_at", "crypted_password", "remember_token_expires_at", "updated_at", "deleted_at", "activation_code", "remember_token", "login", "email", "state") VALUES('José', 'b9f3d276649a04e59af50bec1c736eb667767341', '2009-03-05 02:50:56', NULL, 'fff208a71c6ca11213b534dd0d386da9744a180b', NULL, '2009-03-05 02:50:56', NULL, '46cc480cf00e7f94544e7527f15abc915c36e21d', NULL, 'jose', 'jose@mail.com', 'pending')[0m
  [4;35;1mUser Exists (0.2ms)[0m   [0mSELECT "users".id FROM "users" WHERE ("users"."login" = 'jose' AND "users".id <> 1) LIMIT 1[0m
  [4;36;1mUser Exists (0.1ms)[0m   [0;1mSELECT "users".id FROM "users" WHERE ("users"."email" = 'jose@mail.com' AND "users".id <> 1) LIMIT 1[0m
Redirected to /
Completed in 81ms (DB: 2) | 302 Found [http://localhost/users]


Processing SessionsController#new (for 127.0.0.1 at 2009-03-04 23:51:03) [GET]
Rendering sessions/new
Completed in 11ms (View: 8, DB: 0) | 200 OK [http://localhost/login]


Processing SessionsController#create (for 127.0.0.1 at 2009-03-04 23:51:06) [POST]
  Parameters: {"commit"=>"Log in", "authenticity_token"=>"trNH53ClE937abhHuvzci14vH8iaTWLDW/lB+iuUyps=", "login"=>"jose", "password"=>""}
Failed login for 'jose' from 127.0.0.1 at Thu Mar 05 02:51:06 GMT 2009
Rendering sessions/new
Completed in 43ms (View: 14, DB: 0) | 200 OK [http://localhost/session]


Processing SessionsController#create (for 127.0.0.1 at 2009-03-04 23:51:09) [POST]
  Parameters: {"commit"=>"Log in", "authenticity_token"=>"trNH53ClE937abhHuvzci14vH8iaTWLDW/lB+iuUyps=", "login"=>"jose", "password"=>"2bvith"}
  [4;35;1mUser Load (0.6ms)[0m   [0mSELECT * FROM "users" WHERE ("users"."login" = 'jose') AND (users.state = 'active') LIMIT 1[0m
Failed login for 'jose' from 127.0.0.1 at Thu Mar 05 02:51:09 GMT 2009
Rendering sessions/new
Completed in 32ms (View: 7, DB: 1) | 200 OK [http://localhost/session]


Processing ApplicationController#index (for 127.0.0.1 at 2009-03-04 23:54:19) [GET]

ActionController::RoutingError (No route matches "/activate/fff208a71c6ca11213b534dd0d386da9744a180b" with {:method=>:get}):
  actionpack (2.3.0) lib/action_controller/routing/recognition_optimisation.rb:66:in `recognize_path'
  actionpack (2.3.0) lib/action_controller/routing/route_set.rb:437:in `recognize'
  actionpack (2.3.0) lib/action_controller/routing/route_set.rb:432:in `call'
  actionpack (2.3.0) lib/action_controller/dispatcher.rb:65:in `dispatch'
  actionpack (2.3.0) lib/action_controller/dispatcher.rb:88:in `_call'
  actionpack (2.3.0) lib/action_controller/dispatcher.rb:59:in `initialize'
  activerecord (2.3.0) lib/active_record/query_cache.rb:29:in `call'
  activerecord (2.3.0) lib/active_record/query_cache.rb:29:in `call'
  activerecord (2.3.0) lib/active_record/connection_adapters/abstract/query_cache.rb:34:in `cache'
  activerecord (2.3.0) lib/active_record/query_cache.rb:9:in `cache'
  activerecord (2.3.0) lib/active_record/query_cache.rb:28:in `call'
  actionpack (2.3.0) lib/action_controller/params_parser.rb:15:in `call'
  actionpack (2.3.0) lib/action_controller/rewindable_input.rb:25:in `call'
  actionpack (2.3.0) lib/action_controller/session/cookie_store.rb:93:in `call'
  actionpack (2.3.0) lib/action_controller/failsafe.rb:11:in `call'
  actionpack (2.3.0) lib/action_controller/rack_ext/lock.rb:15:in `call'
  actionpack (2.3.0) lib/action_controller/rack_ext/lock.rb:15:in `synchronize'
  actionpack (2.3.0) lib/action_controller/rack_ext/lock.rb:15:in `call'
  actionpack (2.3.0) lib/action_controller/dispatcher.rb:83:in `call'
  rails (2.3.0) lib/rails/rack/static.rb:27:in `call'
  rails (2.3.0) lib/rails/rack/log_tailer.rb:17:in `call'
  /usr/lib/ruby/1.8/webrick/httpserver.rb:104:in `service'
  /usr/lib/ruby/1.8/webrick/httpserver.rb:65:in `run'
  /usr/lib/ruby/1.8/webrick/server.rb:173:in `start_thread'
  /usr/lib/ruby/1.8/webrick/server.rb:162:in `start'
  /usr/lib/ruby/1.8/webrick/server.rb:162:in `start_thread'
  /usr/lib/ruby/1.8/webrick/server.rb:95:in `start'
  /usr/lib/ruby/1.8/webrick/server.rb:92:in `each'
  /usr/lib/ruby/1.8/webrick/server.rb:92:in `start'
  /usr/lib/ruby/1.8/webrick/server.rb:23:in `start'
  /usr/lib/ruby/1.8/webrick/server.rb:82:in `start'
  rails (2.3.0) lib/commands/server.rb:100

Rendering rescues/layout (not_found)


Processing ApplicationController#index (for 127.0.0.1 at 2009-03-04 23:54:33) [GET]

ActionController::RoutingError (No route matches "/activate/fff208a71c6ca11213b534dd0d386da9744a180b" with {:method=>:get}):
  actionpack (2.3.0) lib/action_controller/routing/recognition_optimisation.rb:66:in `recognize_path'
  actionpack (2.3.0) lib/action_controller/routing/route_set.rb:437:in `recognize'
  actionpack (2.3.0) lib/action_controller/routing/route_set.rb:432:in `call'
  actionpack (2.3.0) lib/action_controller/dispatcher.rb:65:in `dispatch'
  actionpack (2.3.0) lib/action_controller/dispatcher.rb:88:in `_call'
  actionpack (2.3.0) lib/action_controller/dispatcher.rb:59:in `initialize'
  activerecord (2.3.0) lib/active_record/query_cache.rb:29:in `call'
  activerecord (2.3.0) lib/active_record/query_cache.rb:29:in `call'
  activerecord (2.3.0) lib/active_record/connection_adapters/abstract/query_cache.rb:34:in `cache'
  activerecord (2.3.0) lib/active_record/query_cache.rb:9:in `cache'
  activerecord (2.3.0) lib/active_record/query_cache.rb:28:in `call'
  actionpack (2.3.0) lib/action_controller/params_parser.rb:15:in `call'
  actionpack (2.3.0) lib/action_controller/rewindable_input.rb:25:in `call'
  actionpack (2.3.0) lib/action_controller/session/cookie_store.rb:93:in `call'
  actionpack (2.3.0) lib/action_controller/failsafe.rb:11:in `call'
  actionpack (2.3.0) lib/action_controller/rack_ext/lock.rb:15:in `call'
  actionpack (2.3.0) lib/action_controller/rack_ext/lock.rb:15:in `synchronize'
  actionpack (2.3.0) lib/action_controller/rack_ext/lock.rb:15:in `call'
  actionpack (2.3.0) lib/action_controller/dispatcher.rb:83:in `call'
  rails (2.3.0) lib/rails/rack/static.rb:27:in `call'
  rails (2.3.0) lib/rails/rack/log_tailer.rb:17:in `call'
  /usr/lib/ruby/1.8/webrick/httpserver.rb:104:in `service'
  /usr/lib/ruby/1.8/webrick/httpserver.rb:65:in `run'
  /usr/lib/ruby/1.8/webrick/server.rb:173:in `start_thread'
  /usr/lib/ruby/1.8/webrick/server.rb:162:in `start'
  /usr/lib/ruby/1.8/webrick/server.rb:162:in `start_thread'
  /usr/lib/ruby/1.8/webrick/server.rb:95:in `start'
  /usr/lib/ruby/1.8/webrick/server.rb:92:in `each'
  /usr/lib/ruby/1.8/webrick/server.rb:92:in `start'
  /usr/lib/ruby/1.8/webrick/server.rb:23:in `start'
  /usr/lib/ruby/1.8/webrick/server.rb:82:in `start'
  rails (2.3.0) lib/commands/server.rb:100

Rendering rescues/layout (not_found)
** [localized_dates] localized_dates plugin loaded.
** [localized_dates] loading file /home/marano/Projetos/bride_store/config/locales/en.rb
** [localized_dates] loading file /home/marano/Projetos/bride_store/config/locales/pt-BR.rb
** [localized_dates] loading file /home/marano/Projetos/bride_store/config/locales/de.yml
** [localized_dates] loading file /home/marano/Projetos/bride_store/config/locales/en.yml
** [localized_dates] locales loaded from config/locales.
** [localized_dates] localized_dates plugin loaded.
** [localized_dates] loading file /home/marano/Projetos/bride_store/config/locales/en.rb
** [localized_dates] loading file /home/marano/Projetos/bride_store/config/locales/pt-BR.rb
** [localized_dates] loading file /home/marano/Projetos/bride_store/config/locales/de.yml
** [localized_dates] loading file /home/marano/Projetos/bride_store/config/locales/en.yml
** [localized_dates] locales loaded from config/locales.


Processing UsersController#new (for 127.0.0.1 at 2009-03-05 00:22:18) [GET]
Rendering template within layouts/users
Rendering users/new
Completed in 102ms (View: 16, DB: 0) | 200 OK [http://localhost/signup]


Processing UsersController#create (for 127.0.0.1 at 2009-03-05 00:22:38) [POST]
  Parameters: {"commit"=>"Criar", "authenticity_token"=>"trNH53ClE937abhHuvzci14vH8iaTWLDW/lB+iuUyps=", "user"=>{"name"=>"José", "password_confirmation"=>"2bvith", "password"=>"2bvith", "login"=>"jose", "email"=>"thiagomarano@gmail.com"}}
  [4;36;1mUser Exists (0.4ms)[0m   [0;1mSELECT "users".id FROM "users" WHERE ("users"."login" = 'jose') LIMIT 1[0m
  [4;35;1mUser Exists (0.3ms)[0m   [0mSELECT "users".id FROM "users" WHERE ("users"."email" = 'thiagomarano@gmail.com') LIMIT 1[0m
  [4;36;1mCACHE (0.0ms)[0m   [0;1mSELECT "users".id FROM "users" WHERE ("users"."login" = 'jose') LIMIT 1[0m
  [4;35;1mCACHE (0.0ms)[0m   [0mSELECT "users".id FROM "users" WHERE ("users"."email" = 'thiagomarano@gmail.com') LIMIT 1[0m
  [4;36;1mUser Create (0.5ms)[0m   [0;1mINSERT INTO "users" ("name", "salt", "created_at", "activated_at", "crypted_password", "remember_token_expires_at", "updated_at", "deleted_at", "activation_code", "remember_token", "login", "email", "state") VALUES('José', '064c093565f70cefe891fe8a47ac721e893ad4ec', '2009-03-05 03:22:38', NULL, '26adab56b614e85853816b2d39ddec946518cdc8', NULL, '2009-03-05 03:22:38', NULL, '3463c65ddfbc36d0265b065d7605b75d84fac34f', NULL, 'jose', 'thiagomarano@gmail.com', 'pending')[0m
  [4;35;1mUser Exists (0.2ms)[0m   [0mSELECT "users".id FROM "users" WHERE ("users"."login" = 'jose' AND "users".id <> 2) LIMIT 1[0m
  [4;36;1mUser Exists (0.2ms)[0m   [0;1mSELECT "users".id FROM "users" WHERE ("users"."email" = 'thiagomarano@gmail.com' AND "users".id <> 2) LIMIT 1[0m
Redirected to /
Completed in 96ms (DB: 2) | 302 Found [http://localhost/users]
** [localized_dates] localized_dates plugin loaded.
** [localized_dates] loading file /home/marano/Projetos/bride_store/config/locales/en.rb
** [localized_dates] loading file /home/marano/Projetos/bride_store/config/locales/pt-BR.rb
** [localized_dates] loading file /home/marano/Projetos/bride_store/config/locales/de.yml
** [localized_dates] loading file /home/marano/Projetos/bride_store/config/locales/en.yml
** [localized_dates] locales loaded from config/locales.


Processing UsersController#new (for 127.0.0.1 at 2009-03-05 00:25:30) [GET]
Rendering template within layouts/users
Rendering users/new
Completed in 101ms (View: 15, DB: 0) | 200 OK [http://localhost/signup]


Processing UsersController#create (for 127.0.0.1 at 2009-03-05 00:25:49) [POST]
  Parameters: {"commit"=>"Criar", "authenticity_token"=>"trNH53ClE937abhHuvzci14vH8iaTWLDW/lB+iuUyps=", "user"=>{"name"=>"José", "password_confirmation"=>"2bvith", "password"=>"2bvith", "login"=>"jose", "email"=>"thiagomarano@gmail.com"}}
  [4;36;1mUser Exists (0.2ms)[0m   [0;1mSELECT "users".id FROM "users" WHERE ("users"."login" = 'jose') LIMIT 1[0m
  [4;35;1mUser Exists (0.1ms)[0m   [0mSELECT "users".id FROM "users" WHERE ("users"."email" = 'thiagomarano@gmail.com') LIMIT 1[0m
  [4;36;1mCACHE (0.0ms)[0m   [0;1mSELECT "users".id FROM "users" WHERE ("users"."login" = 'jose') LIMIT 1[0m
  [4;35;1mCACHE (0.0ms)[0m   [0mSELECT "users".id FROM "users" WHERE ("users"."email" = 'thiagomarano@gmail.com') LIMIT 1[0m
  [4;36;1mUser Create (0.5ms)[0m   [0;1mINSERT INTO "users" ("name", "salt", "created_at", "activated_at", "crypted_password", "remember_token_expires_at", "updated_at", "deleted_at", "activation_code", "remember_token", "login", "email", "state") VALUES('José', '37af465580ad298c91a865a065e6e60e201071e8', '2009-03-05 03:25:49', NULL, '1f7f25ee899e10716fddf0c94f06f1c8abaa829a', NULL, '2009-03-05 03:25:49', NULL, 'b0c37145904a8ad2ac17cd3b910cd864297a3ab0', NULL, 'jose', 'thiagomarano@gmail.com', 'pending')[0m
  [4;35;1mUser Exists (0.2ms)[0m   [0mSELECT "users".id FROM "users" WHERE ("users"."login" = 'jose' AND "users".id <> 3) LIMIT 1[0m
  [4;36;1mUser Exists (0.1ms)[0m   [0;1mSELECT "users".id FROM "users" WHERE ("users"."email" = 'thiagomarano@gmail.com' AND "users".id <> 3) LIMIT 1[0m
Redirected to /
Completed in 86ms (DB: 1) | 302 Found [http://localhost/users]
** [localized_dates] localized_dates plugin loaded.
** [localized_dates] loading file /home/marano/Projetos/bride_store/config/locales/en.rb
** [localized_dates] loading file /home/marano/Projetos/bride_store/config/locales/pt-BR.rb
** [localized_dates] loading file /home/marano/Projetos/bride_store/config/locales/de.yml
** [localized_dates] loading file /home/marano/Projetos/bride_store/config/locales/en.yml
** [localized_dates] locales loaded from config/locales.
** [localized_dates] localized_dates plugin loaded.
** [localized_dates] loading file /home/marano/Projetos/bride_store/config/locales/en.rb
** [localized_dates] loading file /home/marano/Projetos/bride_store/config/locales/pt-BR.rb
** [localized_dates] loading file /home/marano/Projetos/bride_store/config/locales/de.yml
** [localized_dates] loading file /home/marano/Projetos/bride_store/config/locales/en.yml
** [localized_dates] locales loaded from config/locales.
** [localized_dates] localized_dates plugin loaded.
** [localized_dates] loading file /home/marano/Projetos/bride_store/config/locales/en.rb
** [localized_dates] loading file /home/marano/Projetos/bride_store/config/locales/pt-BR.rb
** [localized_dates] loading file /home/marano/Projetos/bride_store/config/locales/de.yml
** [localized_dates] loading file /home/marano/Projetos/bride_store/config/locales/en.yml
** [localized_dates] locales loaded from config/locales.
** [localized_dates] localized_dates plugin loaded.
** [localized_dates] loading file /home/marano/Projetos/bride_store/config/locales/en.rb
** [localized_dates] loading file /home/marano/Projetos/bride_store/config/locales/pt-BR.rb
** [localized_dates] loading file /home/marano/Projetos/bride_store/config/locales/de.yml
** [localized_dates] loading file /home/marano/Projetos/bride_store/config/locales/en.yml
** [localized_dates] locales loaded from config/locales.


Processing UsersController#new (for 127.0.0.1 at 2009-03-05 00:42:45) [GET]
Rendering template within layouts/users
Rendering users/new
Completed in 23ms (View: 16, DB: 0) | 200 OK [http://localhost/signup]


Processing UsersController#create (for 127.0.0.1 at 2009-03-05 00:42:57) [POST]
  Parameters: {"commit"=>"Criar", "authenticity_token"=>"trNH53ClE937abhHuvzci14vH8iaTWLDW/lB+iuUyps=", "user"=>{"name"=>"José", "password_confirmation"=>"2bvith", "password"=>"2bvith", "login"=>"jose", "email"=>"thiagomarano@gmail.com"}}
  [4;36;1mUser Exists (0.3ms)[0m   [0;1mSELECT "users".id FROM "users" WHERE ("users"."login" = 'jose') LIMIT 1[0m
  [4;35;1mUser Exists (0.2ms)[0m   [0mSELECT "users".id FROM "users" WHERE ("users"."email" = 'thiagomarano@gmail.com') LIMIT 1[0m
  [4;36;1mCACHE (0.0ms)[0m   [0;1mSELECT "users".id FROM "users" WHERE ("users"."login" = 'jose') LIMIT 1[0m
  [4;35;1mCACHE (0.0ms)[0m   [0mSELECT "users".id FROM "users" WHERE ("users"."email" = 'thiagomarano@gmail.com') LIMIT 1[0m
  [4;36;1mUser Create (0.4ms)[0m   [0;1mINSERT INTO "users" ("name", "salt", "created_at", "activated_at", "crypted_password", "remember_token_expires_at", "updated_at", "deleted_at", "activation_code", "remember_token", "login", "email", "state") VALUES('José', '9579c381491f51d5e812406b95319a8315cde2d1', '2009-03-05 03:42:57', NULL, '060d5b9fcf19716c1529fafbce3242aa3d03cf23', NULL, '2009-03-05 03:42:57', NULL, '449c03356a26e5dc2e0ad26d508e742642f82235', NULL, 'jose', 'thiagomarano@gmail.com', 'pending')[0m
Sent mail to thiagomarano@gmail.com

Date: Thu, 5 Mar 2009 00:42:57 -0300
From: ADMINEMAIL
To: thiagomarano@gmail.com
Subject: [localhost:3000] Please activate your new account
Mime-Version: 1.0
Content-Type: text/plain; charset=utf-8

Sua conta foi criada.

  Usuário: jose
  Senha: 2bvith

Visite este endereço para ativar sua conta:

  http://localhost:3000/activate/449c03356a26e5dc2e0ad26d508e742642f82235
  [4;35;1mUser Exists (0.3ms)[0m   [0mSELECT "users".id FROM "users" WHERE ("users"."login" = 'jose' AND "users".id <> 4) LIMIT 1[0m
  [4;36;1mUser Exists (0.2ms)[0m   [0;1mSELECT "users".id FROM "users" WHERE ("users"."email" = 'thiagomarano@gmail.com' AND "users".id <> 4) LIMIT 1[0m
Redirected to /
Completed in 389ms (DB: 1) | 302 Found [http://localhost/users]


Processing ApplicationController#index (for 127.0.0.1 at 2009-03-05 00:43:13) [GET]

ActionController::RoutingError (No route matches "/activate/449c03356a26e5dc2e0ad26d508e742642f82235" with {:method=>:get}):
  actionpack (2.3.0) lib/action_controller/routing/recognition_optimisation.rb:66:in `recognize_path'
  actionpack (2.3.0) lib/action_controller/routing/route_set.rb:437:in `recognize'
  actionpack (2.3.0) lib/action_controller/routing/route_set.rb:432:in `call'
  actionpack (2.3.0) lib/action_controller/dispatcher.rb:65:in `dispatch'
  actionpack (2.3.0) lib/action_controller/dispatcher.rb:88:in `_call'
  actionpack (2.3.0) lib/action_controller/dispatcher.rb:59:in `initialize'
  activerecord (2.3.0) lib/active_record/query_cache.rb:29:in `call'
  activerecord (2.3.0) lib/active_record/query_cache.rb:29:in `call'
  activerecord (2.3.0) lib/active_record/connection_adapters/abstract/query_cache.rb:34:in `cache'
  activerecord (2.3.0) lib/active_record/query_cache.rb:9:in `cache'
  activerecord (2.3.0) lib/active_record/query_cache.rb:28:in `call'
  actionpack (2.3.0) lib/action_controller/params_parser.rb:15:in `call'
  actionpack (2.3.0) lib/action_controller/rewindable_input.rb:25:in `call'
  actionpack (2.3.0) lib/action_controller/session/cookie_store.rb:93:in `call'
  actionpack (2.3.0) lib/action_controller/failsafe.rb:11:in `call'
  actionpack (2.3.0) lib/action_controller/rack_ext/lock.rb:15:in `call'
  actionpack (2.3.0) lib/action_controller/rack_ext/lock.rb:15:in `synchronize'
  actionpack (2.3.0) lib/action_controller/rack_ext/lock.rb:15:in `call'
  actionpack (2.3.0) lib/action_controller/dispatcher.rb:83:in `call'
  rails (2.3.0) lib/rails/rack/static.rb:27:in `call'
  rails (2.3.0) lib/rails/rack/log_tailer.rb:17:in `call'
  /usr/lib/ruby/1.8/webrick/httpserver.rb:104:in `service'
  /usr/lib/ruby/1.8/webrick/httpserver.rb:65:in `run'
  /usr/lib/ruby/1.8/webrick/server.rb:173:in `start_thread'
  /usr/lib/ruby/1.8/webrick/server.rb:162:in `start'
  /usr/lib/ruby/1.8/webrick/server.rb:162:in `start_thread'
  /usr/lib/ruby/1.8/webrick/server.rb:95:in `start'
  /usr/lib/ruby/1.8/webrick/server.rb:92:in `each'
  /usr/lib/ruby/1.8/webrick/server.rb:92:in `start'
  /usr/lib/ruby/1.8/webrick/server.rb:23:in `start'
  /usr/lib/ruby/1.8/webrick/server.rb:82:in `start'
  rails (2.3.0) lib/commands/server.rb:100

Rendering rescues/layout (not_found)


Processing ApplicationController#index (for 127.0.0.1 at 2009-03-05 00:44:01) [GET]

ActionController::RoutingError (No route matches "/activate/449c03356a26e5dc2e0ad26d508e742642f82235" with {:method=>:get}):
  actionpack (2.3.0) lib/action_controller/routing/recognition_optimisation.rb:66:in `recognize_path'
  actionpack (2.3.0) lib/action_controller/routing/route_set.rb:437:in `recognize'
  actionpack (2.3.0) lib/action_controller/routing/route_set.rb:432:in `call'
  actionpack (2.3.0) lib/action_controller/dispatcher.rb:65:in `dispatch'
  actionpack (2.3.0) lib/action_controller/dispatcher.rb:88:in `_call'
  actionpack (2.3.0) lib/action_controller/dispatcher.rb:59:in `initialize'
  activerecord (2.3.0) lib/active_record/query_cache.rb:29:in `call'
  activerecord (2.3.0) lib/active_record/query_cache.rb:29:in `call'
  activerecord (2.3.0) lib/active_record/connection_adapters/abstract/query_cache.rb:34:in `cache'
  activerecord (2.3.0) lib/active_record/query_cache.rb:9:in `cache'
  activerecord (2.3.0) lib/active_record/query_cache.rb:28:in `call'
  actionpack (2.3.0) lib/action_controller/params_parser.rb:15:in `call'
  actionpack (2.3.0) lib/action_controller/rewindable_input.rb:25:in `call'
  actionpack (2.3.0) lib/action_controller/session/cookie_store.rb:93:in `call'
  actionpack (2.3.0) lib/action_controller/failsafe.rb:11:in `call'
  actionpack (2.3.0) lib/action_controller/rack_ext/lock.rb:15:in `call'
  actionpack (2.3.0) lib/action_controller/rack_ext/lock.rb:15:in `synchronize'
  actionpack (2.3.0) lib/action_controller/rack_ext/lock.rb:15:in `call'
  actionpack (2.3.0) lib/action_controller/dispatcher.rb:83:in `call'
  rails (2.3.0) lib/rails/rack/static.rb:27:in `call'
  rails (2.3.0) lib/rails/rack/log_tailer.rb:17:in `call'
  /usr/lib/ruby/1.8/webrick/httpserver.rb:104:in `service'
  /usr/lib/ruby/1.8/webrick/httpserver.rb:65:in `run'
  /usr/lib/ruby/1.8/webrick/server.rb:173:in `start_thread'
  /usr/lib/ruby/1.8/webrick/server.rb:162:in `start'
  /usr/lib/ruby/1.8/webrick/server.rb:162:in `start_thread'
  /usr/lib/ruby/1.8/webrick/server.rb:95:in `start'
  /usr/lib/ruby/1.8/webrick/server.rb:92:in `each'
  /usr/lib/ruby/1.8/webrick/server.rb:92:in `start'
  /usr/lib/ruby/1.8/webrick/server.rb:23:in `start'
  /usr/lib/ruby/1.8/webrick/server.rb:82:in `start'
  rails (2.3.0) lib/commands/server.rb:100

Rendering rescues/layout (not_found)


Processing ApplicationController#activate (for 127.0.0.1 at 2009-03-05 00:44:47) [GET]
  Parameters: {"activation_code"=>"449c03356a26e5dc2e0ad26d508e742642f82235"}

NameError (uninitialized constant AccountsController):
  activesupport (2.3.0) lib/active_support/dependencies.rb:443:in `load_missing_constant'
  activesupport (2.3.0) lib/active_support/dependencies.rb:80:in `const_missing'
  activesupport (2.3.0) lib/active_support/dependencies.rb:92:in `const_missing'
  activesupport (2.3.0) lib/active_support/inflector.rb:359:in `constantize'
  activesupport (2.3.0) lib/active_support/inflector.rb:358:in `each'
  activesupport (2.3.0) lib/active_support/inflector.rb:358:in `constantize'
  activesupport (2.3.0) lib/active_support/core_ext/string/inflections.rb:162:in `constantize'
  actionpack (2.3.0) lib/action_controller/routing/route_set.rb:439:in `recognize'
  actionpack (2.3.0) lib/action_controller/routing/route_set.rb:432:in `call'
  actionpack (2.3.0) lib/action_controller/dispatcher.rb:65:in `dispatch'
  actionpack (2.3.0) lib/action_controller/dispatcher.rb:88:in `_call'
  actionpack (2.3.0) lib/action_controller/dispatcher.rb:59:in `initialize'
  activerecord (2.3.0) lib/active_record/query_cache.rb:29:in `call'
  activerecord (2.3.0) lib/active_record/query_cache.rb:29:in `call'
  activerecord (2.3.0) lib/active_record/connection_adapters/abstract/query_cache.rb:34:in `cache'
  activerecord (2.3.0) lib/active_record/query_cache.rb:9:in `cache'
  activerecord (2.3.0) lib/active_record/query_cache.rb:28:in `call'
  actionpack (2.3.0) lib/action_controller/params_parser.rb:15:in `call'
  actionpack (2.3.0) lib/action_controller/rewindable_input.rb:25:in `call'
  actionpack (2.3.0) lib/action_controller/session/cookie_store.rb:93:in `call'
  actionpack (2.3.0) lib/action_controller/failsafe.rb:11:in `call'
  actionpack (2.3.0) lib/action_controller/rack_ext/lock.rb:15:in `call'
  actionpack (2.3.0) lib/action_controller/rack_ext/lock.rb:15:in `synchronize'
  actionpack (2.3.0) lib/action_controller/rack_ext/lock.rb:15:in `call'
  actionpack (2.3.0) lib/action_controller/dispatcher.rb:83:in `call'
  rails (2.3.0) lib/rails/rack/static.rb:27:in `call'
  rails (2.3.0) lib/rails/rack/log_tailer.rb:17:in `call'
  /usr/lib/ruby/1.8/webrick/httpserver.rb:104:in `service'
  /usr/lib/ruby/1.8/webrick/httpserver.rb:65:in `run'
  /usr/lib/ruby/1.8/webrick/server.rb:173:in `start_thread'
  /usr/lib/ruby/1.8/webrick/server.rb:162:in `start'
  /usr/lib/ruby/1.8/webrick/server.rb:162:in `start_thread'
  /usr/lib/ruby/1.8/webrick/server.rb:95:in `start'
  /usr/lib/ruby/1.8/webrick/server.rb:92:in `each'
  /usr/lib/ruby/1.8/webrick/server.rb:92:in `start'
  /usr/lib/ruby/1.8/webrick/server.rb:23:in `start'
  /usr/lib/ruby/1.8/webrick/server.rb:82:in `start'
  rails (2.3.0) lib/commands/server.rb:100

Rendered rescues/_trace (29.9ms)
Rendered rescues/_request_and_response (0.6ms)
Rendering rescues/layout (internal_server_error)


Processing UsersController#activate (for 127.0.0.1 at 2009-03-05 00:45:09) [GET]
  Parameters: {"activation_code"=>"449c03356a26e5dc2e0ad26d508e742642f82235"}
  [4;35;1mUser Load (0.6ms)[0m   [0mSELECT * FROM "users" WHERE ("users"."activation_code" = '449c03356a26e5dc2e0ad26d508e742642f82235') LIMIT 1[0m
  [4;36;1mUser Exists (0.2ms)[0m   [0;1mSELECT "users".id FROM "users" WHERE ("users"."login" = 'jose' AND "users".id <> 4) LIMIT 1[0m
  [4;35;1mUser Exists (0.1ms)[0m   [0mSELECT "users".id FROM "users" WHERE ("users"."email" = 'thiagomarano@gmail.com' AND "users".id <> 4) LIMIT 1[0m
  [4;36;1mUser Update (0.4ms)[0m   [0;1mUPDATE "users" SET "updated_at" = '2009-03-05 03:45:09', "activated_at" = '2009-03-05 03:45:09', "activation_code" = NULL, "state" = 'active' WHERE "id" = 4[0m
Sent mail to thiagomarano@gmail.com

Date: Thu, 5 Mar 2009 00:45:10 -0300
From: ADMINEMAIL
To: thiagomarano@gmail.com
Subject: [localhost:3000] Your account has been activated!
Mime-Version: 1.0
Content-Type: text/plain; charset=utf-8

José, sua conta foi ativada. Bem Vindo! http://localhost:3000/
Redirected to /login
Completed in 138ms (DB: 1) | 302 Found [http://localhost/activate/449c03356a26e5dc2e0ad26d508e742642f82235]


Processing SessionsController#new (for 127.0.0.1 at 2009-03-05 00:45:10) [GET]
Rendering sessions/new
Completed in 20ms (View: 14, DB: 0) | 200 OK [http://localhost/login]


Processing SessionsController#create (for 127.0.0.1 at 2009-03-05 00:45:13) [POST]
  Parameters: {"commit"=>"Log in", "authenticity_token"=>"trNH53ClE937abhHuvzci14vH8iaTWLDW/lB+iuUyps=", "login"=>"jose", "password"=>"2bvith"}
  [4;35;1mUser Load (0.9ms)[0m   [0mSELECT * FROM "users" WHERE ("users"."login" = 'jose') AND (users.state = 'active') LIMIT 1[0m
Redirected to /
Completed in 13ms (DB: 1) | 302 Found [http://localhost/session]
